<?xml version="1.0" encoding="UTF-8"?>
<!-- Generated by org.testng.reporters.JUnitXMLReporter -->
<testsuite ignored="0" hostname="Farukh" failures="0" tests="4" name="Test" time="6.128" errors="0" timestamp="2025-02-04T17:22:19 EST">
  <testcase classname="restassured.class08.CrateUser" name="createUser" time="2.909"/>
  <testcase classname="restassured.class08.GetUser" name="testGetUser" time="1.075"/>
  <testcase classname="restassured.class08.UpdateUser" name="testUpdateUser" time="1.076"/>
  <testcase classname="restassured.class08.DeleteUser" name="testDeleteUser" time="1.02"/>
</testsuite> <!-- Test -->
