<?xml version="1.0" encoding="UTF-8"?>
<testng-results ignored="0" total="4" passed="4" failed="0" skipped="0">
  <reporter-output>
  </reporter-output>
  <suite started-at="2025-02-04T17:22:12 EST" name="Suite" finished-at="2025-02-04T17:22:19 EST" duration-ms="6128">
    <groups>
    </groups>
    <test started-at="2025-02-04T17:22:12 EST" name="Test" finished-at="2025-02-04T17:22:19 EST" duration-ms="6128">
      <class name="restassured.class08.CrateUser">
        <test-method signature="createUser(org.testng.ITestContext)[pri:1, instance:restassured.class08.CrateUser@67c27493]" started-at="2025-02-04T17:22:13 EST" name="createUser" finished-at="2025-02-04T17:22:15 EST" duration-ms="2909" status="PASS">
          <params>
            <param index="0">
              <value>
                <![CDATA[org.testng.TestRunner@3c947bc5]]>
              </value>
            </param>
          </params>
          <reporter-output>
          </reporter-output>
        </test-method> <!-- createUser -->
      </class> <!-- restassured.class08.CrateUser -->
      <class name="restassured.class08.UpdateUser">
        <test-method signature="testUpdateUser(org.testng.ITestContext)[pri:1, instance:restassured.class08.UpdateUser@4f83df68]" started-at="2025-02-04T17:22:17 EST" name="testUpdateUser" finished-at="2025-02-04T17:22:18 EST" duration-ms="1076" status="PASS">
          <params>
            <param index="0">
              <value>
                <![CDATA[org.testng.TestRunner@3c947bc5]]>
              </value>
            </param>
          </params>
          <reporter-output>
          </reporter-output>
        </test-method> <!-- testUpdateUser -->
      </class> <!-- restassured.class08.UpdateUser -->
      <class name="restassured.class08.DeleteUser">
        <test-method signature="testDeleteUser(org.testng.ITestContext)[pri:1, instance:restassured.class08.DeleteUser@6cf0e0ba]" started-at="2025-02-04T17:22:18 EST" name="testDeleteUser" finished-at="2025-02-04T17:22:19 EST" duration-ms="1020" status="PASS">
          <params>
            <param index="0">
              <value>
                <![CDATA[org.testng.TestRunner@3c947bc5]]>
              </value>
            </param>
          </params>
          <reporter-output>
          </reporter-output>
        </test-method> <!-- testDeleteUser -->
      </class> <!-- restassured.class08.DeleteUser -->
      <class name="restassured.class08.GetUser">
        <test-method signature="testGetUser(org.testng.ITestContext)[pri:1, instance:restassured.class08.GetUser@55183b20]" started-at="2025-02-04T17:22:15 EST" name="testGetUser" finished-at="2025-02-04T17:22:17 EST" duration-ms="1075" status="PASS">
          <params>
            <param index="0">
              <value>
                <![CDATA[org.testng.TestRunner@3c947bc5]]>
              </value>
            </param>
          </params>
          <reporter-output>
          </reporter-output>
        </test-method> <!-- testGetUser -->
      </class> <!-- restassured.class08.GetUser -->
    </test> <!-- Test -->
  </suite> <!-- Suite -->
</testng-results>
